2026-04-04 15:59:09.115 [info] Reading sessions from keychain...
2026-04-04 15:59:09.116 [info] Getting sessions for all scopes...
2026-04-04 15:59:09.116 [info] Got 0 sessions for ...
2026-04-04 15:59:09.116 [info] Getting sessions for all scopes...
2026-04-04 15:59:09.116 [info] Got 0 sessions for ...
2026-04-04 15:59:09.116 [info] Getting sessions for all scopes...
2026-04-04 15:59:09.116 [info] Got 0 sessions for ...
2026-04-04 15:59:09.116 [info] Getting sessions for all scopes...
2026-04-04 15:59:09.116 [info] Got 0 sessions for ...
2026-04-04 15:59:09.116 [info] Getting sessions for all scopes...
2026-04-04 15:59:09.116 [info] Got 0 sessions for ...
2026-04-04 15:59:09.116 [info] Getting sessions for all scopes...
2026-04-04 15:59:09.116 [info] Got 0 sessions for ...
2026-04-04 15:59:09.116 [info] Getting sessions for all scopes...
2026-04-04 15:59:09.116 [info] Got 0 sessions for ...
2026-04-04 15:59:09.116 [info] Getting sessions for user:email...
2026-04-04 15:59:09.116 [info] Got 0 sessions for user:email...
2026-04-04 15:59:09.116 [info] Getting sessions for read:user,repo,user:email,workflow...
2026-04-04 15:59:09.116 [info] Got 0 sessions for read:user,repo,user:email,workflow...
2026-04-04 15:59:10.414 [info] Getting sessions for all scopes...
2026-04-04 15:59:10.414 [info] Got 0 sessions for ...
2026-04-04 15:59:10.414 [info] Getting sessions for all scopes...
2026-04-04 15:59:10.414 [info] Got 0 sessions for ...
2026-04-04 15:59:10.415 [info] Getting sessions for all scopes...
2026-04-04 15:59:10.415 [info] Got 0 sessions for ...
2026-04-04 15:59:10.784 [info] Getting sessions for user:email...
2026-04-04 15:59:10.784 [info] Got 0 sessions for user:email...
2026-04-04 15:59:10.785 [info] Getting sessions for read:user,repo,user:email,workflow...
2026-04-04 15:59:10.785 [info] Got 0 sessions for read:user,repo,user:email,workflow...
2026-04-04 15:59:10.828 [info] Getting sessions for all scopes...
2026-04-04 15:59:10.828 [info] Got 0 sessions for ...
2026-04-04 15:59:10.829 [info] Getting sessions for all scopes...
2026-04-04 15:59:10.829 [info] Got 0 sessions for ...
2026-04-04 15:59:10.847 [info] Getting sessions for read:user,repo,user:email,workflow...
2026-04-04 15:59:10.847 [info] Got 0 sessions for read:user,repo,user:email,workflow...
2026-04-04 15:59:10.849 [info] Getting sessions for user:email...
2026-04-04 15:59:10.849 [info] Got 0 sessions for user:email...
2026-04-04 15:59:10.910 [info] Getting sessions for all scopes...
2026-04-04 15:59:10.910 [info] Got 0 sessions for ...
2026-04-04 15:59:10.910 [info] Getting sessions for all scopes...
2026-04-04 15:59:10.910 [info] Got 0 sessions for ...
2026-04-04 15:59:11.071 [info] Getting sessions for user:email...
2026-04-04 15:59:11.071 [info] Got 0 sessions for user:email...
2026-04-04 15:59:11.071 [info] Getting sessions for read:user,repo,user:email,workflow...
2026-04-04 15:59:11.071 [info] Got 0 sessions for read:user,repo,user:email,workflow...
2026-04-04 15:59:11.183 [info] Getting sessions for all scopes...
2026-04-04 15:59:11.183 [info] Got 0 sessions for ...
2026-04-04 15:59:11.184 [info] Getting sessions for all scopes...
2026-04-04 15:59:11.184 [info] Got 0 sessions for ...
2026-04-04 15:59:11.587 [info] Getting sessions for all scopes...
2026-04-04 15:59:11.587 [info] Got 0 sessions for ...
2026-04-04 15:59:11.602 [info] Getting sessions for read:user,repo,user:email,workflow...
2026-04-04 15:59:11.603 [info] Got 0 sessions for read:user,repo,user:email,workflow...
2026-04-04 16:01:22.384 [info] Getting sessions for all scopes...
2026-04-04 16:01:22.385 [info] Got 0 sessions for ...
2026-04-04 16:01:22.399 [info] Getting sessions for user:email...
2026-04-04 16:01:22.399 [info] Got 0 sessions for user:email...
2026-04-04 16:01:22.443 [info] Getting sessions for all scopes...
2026-04-04 16:01:22.443 [info] Got 0 sessions for ...
2026-04-04 16:01:22.449 [info] Getting sessions for all scopes...
2026-04-04 16:01:22.449 [info] Got 0 sessions for ...
2026-04-04 16:01:27.329 [info] Getting sessions for all scopes...
2026-04-04 16:01:27.329 [info] Got 0 sessions for ...
2026-04-04 16:01:27.330 [info] Getting sessions for user:email...
2026-04-04 16:01:27.330 [info] Got 0 sessions for user:email...
