2026-04-04 15:58:58.382 [info] Reading sessions from keychain...
2026-04-04 15:58:58.382 [info] Getting sessions for all scopes...
2026-04-04 15:58:58.382 [info] Got 0 sessions for ...
2026-04-04 15:58:58.382 [info] Getting sessions for all scopes...
2026-04-04 15:58:58.382 [info] Got 0 sessions for ...
2026-04-04 15:58:58.382 [info] Getting sessions for all scopes...
2026-04-04 15:58:58.382 [info] Got 0 sessions for ...
2026-04-04 15:58:58.382 [info] Getting sessions for all scopes...
2026-04-04 15:58:58.382 [info] Got 0 sessions for ...
2026-04-04 15:58:58.382 [info] Getting sessions for all scopes...
2026-04-04 15:58:58.382 [info] Got 0 sessions for ...
2026-04-04 15:58:58.382 [info] Getting sessions for all scopes...
2026-04-04 15:58:58.382 [info] Got 0 sessions for ...
2026-04-04 15:58:58.382 [info] Getting sessions for all scopes...
2026-04-04 15:58:58.382 [info] Got 0 sessions for ...
2026-04-04 15:58:58.382 [info] Getting sessions for all scopes...
2026-04-04 15:58:58.382 [info] Got 0 sessions for ...
2026-04-04 15:58:58.382 [info] Getting sessions for user:email...
2026-04-04 15:58:58.382 [info] Got 0 sessions for user:email...
2026-04-04 15:58:58.382 [info] Getting sessions for read:user,repo,user:email,workflow...
2026-04-04 15:58:58.382 [info] Got 0 sessions for read:user,repo,user:email,workflow...
2026-04-04 15:58:59.378 [info] Getting sessions for all scopes...
2026-04-04 15:58:59.378 [info] Got 0 sessions for ...
2026-04-04 15:58:59.379 [info] Getting sessions for all scopes...
2026-04-04 15:58:59.379 [info] Got 0 sessions for ...
2026-04-04 15:58:59.379 [info] Getting sessions for all scopes...
2026-04-04 15:58:59.379 [info] Got 0 sessions for ...
2026-04-04 15:58:59.985 [info] Getting sessions for user:email...
2026-04-04 15:58:59.985 [info] Got 0 sessions for user:email...
2026-04-04 15:58:59.985 [info] Getting sessions for read:user,repo,user:email,workflow...
2026-04-04 15:58:59.985 [info] Got 0 sessions for read:user,repo,user:email,workflow...
2026-04-04 15:59:00.026 [info] Getting sessions for all scopes...
2026-04-04 15:59:00.026 [info] Got 0 sessions for ...
2026-04-04 15:59:00.066 [info] Getting sessions for all scopes...
2026-04-04 15:59:00.066 [info] Got 0 sessions for ...
2026-04-04 15:59:00.073 [info] Getting sessions for user:email...
2026-04-04 15:59:00.073 [info] Got 0 sessions for user:email...
2026-04-04 15:59:00.092 [info] Getting sessions for read:user,repo,user:email,workflow...
2026-04-04 15:59:00.092 [info] Got 0 sessions for read:user,repo,user:email,workflow...
2026-04-04 15:59:00.294 [info] Getting sessions for all scopes...
2026-04-04 15:59:00.294 [info] Got 0 sessions for ...
2026-04-04 15:59:00.295 [info] Getting sessions for all scopes...
2026-04-04 15:59:00.295 [info] Got 0 sessions for ...
2026-04-04 15:59:00.518 [info] Getting sessions for all scopes...
2026-04-04 15:59:00.518 [info] Got 0 sessions for ...
2026-04-04 15:59:00.534 [info] Getting sessions for read:user,repo,user:email,workflow...
2026-04-04 15:59:00.534 [info] Got 0 sessions for read:user,repo,user:email,workflow...
2026-04-04 16:00:47.418 [info] Getting sessions for all scopes...
2026-04-04 16:00:47.418 [info] Got 0 sessions for ...
2026-04-04 16:00:47.421 [info] Getting sessions for user:email...
2026-04-04 16:00:47.421 [info] Got 0 sessions for user:email...
2026-04-04 16:00:47.497 [info] Getting sessions for all scopes...
2026-04-04 16:00:47.497 [info] Got 0 sessions for ...
2026-04-04 16:00:47.498 [info] Getting sessions for all scopes...
2026-04-04 16:00:47.498 [info] Got 0 sessions for ...
2026-04-04 16:00:52.383 [info] Getting sessions for all scopes...
2026-04-04 16:00:52.383 [info] Got 0 sessions for ...
2026-04-04 16:00:52.384 [info] Getting sessions for user:email...
2026-04-04 16:00:52.384 [info] Got 0 sessions for user:email...
